<?xml version="1.0" encoding="UTF-8"?>
<!-- Generated by org.testng.reporters.JUnitReportReporter -->
<testsuite hostname="DESKTOP-IUQ8TDJ" name="AppointmentBooking.For_New_User" tests="1" failures="0" timestamp="19 Jan 2016 06:08:20 GMT" time="42.348" errors="0">
  <testcase name="ConsultNowTest" time="42.348" classname="AppointmentBooking.For_New_User"/>
</testsuite> <!-- AppointmentBooking.For_New_User -->
